<?xml version="1.0" encoding="UTF-8"?>
<!-- Generated by org.testng.reporters.JUnitXMLReporter -->
<testsuite hostname="DESKTOP-7GJN0PD" name="Test" tests="3" failures="1" timestamp="12 Jun 2023 17:48:55 GMT" time="3.363" errors="0">
  <testcase name="CreateDBComponents" time="2.706" classname="ProjectLibrary.Studio">
    <failure type="java.lang.NullPointerException">
      <![CDATA[java.lang.NullPointerException
	at PageObjects.P1Loginclass.signin(P1Loginclass.java:44)
	at ProjectLibrary.Studio.CreateDBComponents(Studio.java:25)
... Removed 24 stack frames]]>
    </failure>
  </testcase> <!-- CreateDBComponents -->
  <testcase name="CreateWorkflow" time="0.0" classname="ProjectLibrary.Studio">
    <skipped/>
  </testcase> <!-- CreateWorkflow -->
  <testcase name="FileUpload" time="0.0" classname="ProjectLibrary.Studio">
    <skipped/>
  </testcase> <!-- FileUpload -->
</testsuite> <!-- Test -->
