<?xml version="1.0" encoding="UTF-8"?>
<testng-results ignored="0" total="1" passed="1" failed="0" skipped="0">
  <reporter-output>
  </reporter-output>
  <suite started-at="2024-10-23T21:12:23 IST" name="Suite" finished-at="2024-10-23T21:12:34 IST" duration-ms="10528">
    <groups>
    </groups>
    <test started-at="2024-10-23T21:12:23 IST" name="Test" finished-at="2024-10-23T21:12:34 IST" duration-ms="10528">
      <class name="ProjectLibrary.DeleteApp$Studio">
        <test-method signature="login()[pri:0, instance:ProjectLibrary.DeleteApp$Studio@460d0a57]" started-at="2024-10-23T21:12:24 IST" name="login" finished-at="2024-10-23T21:12:34 IST" duration-ms="10467" status="PASS">
          <reporter-output>
          </reporter-output>
        </test-method> <!-- login -->
      </class> <!-- ProjectLibrary.DeleteApp$Studio -->
    </test> <!-- Test -->
  </suite> <!-- Suite -->
</testng-results>
